{"run_id": "8404975a6b904c07a2c1d1397046e674", "test_id": "test/test_live_e27_area_names.py::test_live_area_names_from_attribs", "record_type": "test_start", "t_ms": 0, "ts_utc": "2026-01-14T04:14:01Z", "meta": {"pid": 72234}}
{"run_id": "8404975a6b904c07a2c1d1397046e674", "test_id": "test/test_live_e27_area_names.py::test_live_area_names_from_attribs", "record_type": "test_end", "t_ms": 7578, "ts_utc": "2026-01-14T04:14:08Z", "outcome": "pass", "error": null}
{"run_id": "8404975a6b904c07a2c1d1397046e674", "test_id": "test/test_live_e27_arm_stay_then_disarm.py::test_live_arm_stay_then_disarm", "record_type": "test_start", "t_ms": 0, "ts_utc": "2026-01-14T04:14:13Z", "meta": {"pid": 72234}}
{"run_id": "8404975a6b904c07a2c1d1397046e674", "test_id": "test/test_live_e27_arm_stay_then_disarm.py::test_live_arm_stay_then_disarm", "record_type": "test_end", "t_ms": 14775, "ts_utc": "2026-01-14T04:14:28Z", "outcome": "fail", "error": {"when": "call", "longrepr": "live_e27_client = <elke27_lib.client.Elke27Client object at 0x10b4b8920>\n\n    @pytest.mark.live_e27\n    @pytest.mark.asyncio\n    async def test_live_arm_stay_then_disarm(live_e27_client: Elke27Client) -> None:\n        _require_interactive()\n        area_id = _area_id()\n        pin = _get_pin()\n    \n        result = await live_e27_client.async_execute(\n            \"area_set_arm_state\",\n            area_id=area_id,\n            arm_state=\"DISARMED\",\n            pin=pin,\n        )\n        assert result.ok is True\n        assert_payload_shape(\"area_set_arm_state\", result.data)\n    \n        result = await live_e27_client.async_execute(\n            \"area_set_arm_state\",\n            area_id=area_id,\n            arm_state=\"ARMED_STAY\",\n            pin=pin,\n        )\n        if not result.ok and _is_not_ready_error(result):\n            pytest.skip(\"Panel reported not-ready for ARMED_STAY.\")\n        assert result.ok is True\n        assert_payload_shape(\"area_set_arm_state\", result.data)\n    \n        if os.environ.get(\"ELKE27_PIN\", \"\").strip():\n            await asyncio.sleep(2)\n        else:\n            input(\"Panel armed STAY. Press Enter to DISARM...\")\n    \n        result = await live_e27_client.async_execute(\n            \"area_set_arm_state\",\n            area_id=area_id,\n            arm_state=\"DISARMED\",\n            pin=pin,\n        )\n>       assert result.ok is True\nE       AssertionError: assert False is True\nE        +  where False = Result(ok=False, data=None, error=E27Timeout('async_execute timeout waiting for area_set_arm_state seq=143')).ok\n\ntest/test_live_e27_arm_stay_then_disarm.py:92: AssertionError"}}
{"run_id": "8404975a6b904c07a2c1d1397046e674", "test_id": "test/test_live_e27_authenticate.py::test_live_control_authenticate", "record_type": "test_start", "t_ms": 0, "ts_utc": "2026-01-14T04:14:31Z", "meta": {"pid": 72234}}
{"run_id": "8404975a6b904c07a2c1d1397046e674", "test_id": "test/test_live_e27_authenticate.py::test_live_control_authenticate", "record_type": "test_end", "t_ms": 7551, "ts_utc": "2026-01-14T04:14:39Z", "outcome": "pass", "error": null}
{"run_id": "8404975a6b904c07a2c1d1397046e674", "test_id": "test/test_live_e27_chime.py::test_live_area_chime_on_ack", "record_type": "test_start", "t_ms": 0, "ts_utc": "2026-01-14T04:14:44Z", "meta": {"pid": 72234}}
{"run_id": "8404975a6b904c07a2c1d1397046e674", "test_id": "test/test_live_e27_chime.py::test_live_area_chime_on_ack", "record_type": "test_end", "t_ms": 7692, "ts_utc": "2026-01-14T04:14:51Z", "outcome": "pass", "error": null}
{"run_id": "8404975a6b904c07a2c1d1397046e674", "test_id": "test/test_live_e27_chime.py::test_live_area_chime_off_ack", "record_type": "test_start", "t_ms": 0, "ts_utc": "2026-01-14T04:14:56Z", "meta": {"pid": 72234}}
{"run_id": "8404975a6b904c07a2c1d1397046e674", "test_id": "test/test_live_e27_chime.py::test_live_area_chime_off_ack", "record_type": "test_end", "t_ms": 7544, "ts_utc": "2026-01-14T04:15:04Z", "outcome": "pass", "error": null}
{"run_id": "8404975a6b904c07a2c1d1397046e674", "test_id": "test/test_live_e27_chime.py::test_live_area_chime_on_persist", "record_type": "test_start", "t_ms": 0, "ts_utc": "2026-01-14T04:15:09Z", "meta": {"pid": 72234}}
{"run_id": "8404975a6b904c07a2c1d1397046e674", "test_id": "test/test_live_e27_chime.py::test_live_area_chime_on_persist", "record_type": "test_end", "t_ms": 7475, "ts_utc": "2026-01-14T04:15:16Z", "outcome": "pass", "error": null}
{"run_id": "8404975a6b904c07a2c1d1397046e674", "test_id": "test/test_live_e27_chime.py::test_live_area_chime_state_roundtrip", "record_type": "test_start", "t_ms": 0, "ts_utc": "2026-01-14T04:15:21Z", "meta": {"pid": 72234}}
{"run_id": "8404975a6b904c07a2c1d1397046e674", "test_id": "test/test_live_e27_chime.py::test_live_area_chime_state_roundtrip", "record_type": "test_end", "t_ms": 4019, "ts_utc": "2026-01-14T04:15:25Z", "outcome": "fail", "error": {"when": "setup", "longrepr": "request = <SubRequest 'live_e27_client' for <Coroutine test_live_area_chime_state_roundtrip>>\n\n    @pytest.fixture(scope=\"function\")\n    async def live_e27_client(request: pytest.FixtureRequest) -> AsyncIterator[Elke27Client]:\n        if _get_env(\"ELKE27_LIVE\") != \"1\":\n            pytest.skip(\"ELKE27_LIVE not set; skipping live E27 tests.\")\n    \n        host = _get_env(\"ELKE27_HOST\")\n        access_code = _get_env(\"ELKE27_ACCESS_CODE\")\n        passphrase = _get_env(\"ELKE27_PASSPHRASE\")\n        if not host or not access_code or not passphrase:\n            pytest.skip(\"Missing E27 live env vars; source ~/elk-e27-env-vars.sh\")\n    \n        port = int(_get_env(\"ELKE27_PORT\") or \"2101\")\n    \n        client = Elke27Client()\n        panel = {\"host\": host, \"port\": port}\n        identity = E27Identity(\n            mn=_get_env(\"ELKE27_MN\") or \"CODEx\",\n            sn=_get_env(\"ELKE27_SN\") or \"LIVE\",\n            fwver=_get_env(\"ELKE27_FWVER\") or \"0\",\n            hwver=_get_env(\"ELKE27_HWVER\") or \"0\",\n            osver=_get_env(\"ELKE27_OSVER\") or \"0\",\n        )\n        creds = _LiveCredentials(access_code=access_code, passphrase=passphrase)\n    \n        skip_bootstrap = any(\"test_live_e27_keepalive.py\" in arg for arg in request.config.args)\n        if skip_bootstrap:\n            client._kernel._bootstrap_requests = lambda: None  # type: ignore[assignment]\n    \n        try:\n>           link_keys = await client.async_link(\n                host=host,\n                port=port,\n                access_code=creds.access_code,\n                passphrase=creds.passphrase,\n                client_identity=identity,\n            )\n\ntest/conftest.py:62: \n_ _ _ _ _ _ _ _ _ _ _ _ _ _ _ _ _ _ _ _ _ _ _ _ _ _ _ _ _ _ _ _ _ _ _ _ _ _ _ _ \nelke27_lib/client.py:849: in async_link\n    self._raise_v2_error(exc, phase=\"link\")\n_ _ _ _ _ _ _ _ _ _ _ _ _ _ _ _ _ _ _ _ _ _ _ _ _ _ _ _ _ _ _ _ _ _ _ _ _ _ _ _ \n\nself = <elke27_lib.client.Elke27Client object at 0x10b64cd70>\nexc = KernelError('Linking failed for 192.168.1.197:2101: Socket error waiting for discovery: [Errno 54] Connection reset by peer')\n\n    def _raise_v2_error(self, exc: BaseException, *, phase: str) -> None:\n        del phase\n        for err in _iter_causes(exc):\n            if isinstance(err, E27ProvisioningRequired):\n                raise Elke27LinkRequiredError(\"Linking required to perform this operation.\") from None\n            if isinstance(err, KernelMissingContextError):\n                raise Elke27InvalidArgument(\"Missing required context for operation.\") from None\n            if isinstance(err, (E27ProvisioningTimeout, InvalidCredentials, E27AuthFailed, InvalidPinError)):\n                raise Elke27AuthError(\"Authentication failed for provisioning.\") from None\n            if isinstance(err, E27LinkInvalid):\n                raise Elke27CryptoError(\"Link credentials appear invalid.\") from None\n            if isinstance(err, CryptoError):\n                raise Elke27CryptoError(\"Cryptographic error.\") from None\n            if isinstance(err, E27ProtocolError):\n                raise Elke27ProtocolErrorV2(\"Protocol error.\") from None\n            if isinstance(err, (E27TransportError, OSError, ConnectionError)):\n                raise Elke27ConnectionError(\"Connection error.\") from None\n            if isinstance(err, (TimeoutError, asyncio.TimeoutError)):\n                raise Elke27TimeoutError(\"Operation timed out.\") from None\n            if isinstance(err, (KernelError, E27MissingContext, KernelInvalidPanelError, KernelNotLinkedError)):\n>               raise Elke27ProtocolErrorV2(\"Protocol error.\") from None\nE               elke27_lib.errors.Elke27ProtocolError: Protocol error.\n\nelke27_lib/client.py:408: Elke27ProtocolError\n\nDuring handling of the above exception, another exception occurred:\n\nself = <Coroutine test_live_area_chime_state_roundtrip>\n\n    def setup(self) -> None:\n        runner_fixture_id = f\"_{self._loop_scope}_scoped_runner\"\n        if runner_fixture_id not in self.fixturenames:\n            self.fixturenames.append(runner_fixture_id)\n>       return super().setup()\n               ^^^^^^^^^^^^^^^\n\n/opt/homebrew/lib/python3.12/site-packages/pytest_asyncio/plugin.py:458: \n_ _ _ _ _ _ _ _ _ _ _ _ _ _ _ _ _ _ _ _ _ _ _ _ _ _ _ _ _ _ _ _ _ _ _ _ _ _ _ _ \n/opt/homebrew/lib/python3.12/site-packages/pytest_asyncio/plugin.py:743: in pytest_fixture_setup\n    hook_result = yield\n                  ^^^^^\n/opt/homebrew/lib/python3.12/site-packages/pytest_asyncio/plugin.py:313: in _asyncgen_fixture_wrapper\n    result = runner.run(setup(), context=context)\n             ^^^^^^^^^^^^^^^^^^^^^^^^^^^^^^^^^^^^\n/opt/homebrew/Cellar/python@3.12/3.12.4/Frameworks/Python.framework/Versions/3.12/lib/python3.12/asyncio/runners.py:118: in run\n    return self._loop.run_until_complete(task)\n           ^^^^^^^^^^^^^^^^^^^^^^^^^^^^^^^^^^^\n/opt/homebrew/Cellar/python@3.12/3.12.4/Frameworks/Python.framework/Versions/3.12/lib/python3.12/asyncio/base_events.py:687: in run_until_complete\n    return future.result()\n           ^^^^^^^^^^^^^^^\n/opt/homebrew/lib/python3.12/site-packages/pytest_asyncio/plugin.py:309: in setup\n    res = await gen_obj.__anext__()\n          ^^^^^^^^^^^^^^^^^^^^^^^^^\n_ _ _ _ _ _ _ _ _ _ _ _ _ _ _ _ _ _ _ _ _ _ _ _ _ _ _ _ _ _ _ _ _ _ _ _ _ _ _ _ \n\nrequest = <SubRequest 'live_e27_client' for <Coroutine test_live_area_chime_state_roundtrip>>\n\n    @pytest.fixture(scope=\"function\")\n    async def live_e27_client(request: pytest.FixtureRequest) -> AsyncIterator[Elke27Client]:\n        if _get_env(\"ELKE27_LIVE\") != \"1\":\n            pytest.skip(\"ELKE27_LIVE not set; skipping live E27 tests.\")\n    \n        host = _get_env(\"ELKE27_HOST\")\n        access_code = _get_env(\"ELKE27_ACCESS_CODE\")\n        passphrase = _get_env(\"ELKE27_PASSPHRASE\")\n        if not host or not access_code or not passphrase:\n            pytest.skip(\"Missing E27 live env vars; source ~/elk-e27-env-vars.sh\")\n    \n        port = int(_get_env(\"ELKE27_PORT\") or \"2101\")\n    \n        client = Elke27Client()\n        panel = {\"host\": host, \"port\": port}\n        identity = E27Identity(\n            mn=_get_env(\"ELKE27_MN\") or \"CODEx\",\n            sn=_get_env(\"ELKE27_SN\") or \"LIVE\",\n            fwver=_get_env(\"ELKE27_FWVER\") or \"0\",\n            hwver=_get_env(\"ELKE27_HWVER\") or \"0\",\n            osver=_get_env(\"ELKE27_OSVER\") or \"0\",\n        )\n        creds = _LiveCredentials(access_code=access_code, passphrase=passphrase)\n    \n        skip_bootstrap = any(\"test_live_e27_keepalive.py\" in arg for arg in request.config.args)\n        if skip_bootstrap:\n            client._kernel._bootstrap_requests = lambda: None  # type: ignore[assignment]\n    \n        try:\n            link_keys = await client.async_link(\n                host=host,\n                port=port,\n                access_code=creds.access_code,\n                passphrase=creds.passphrase,\n                client_identity=identity,\n            )\n        except Exception as exc:  # noqa: BLE001\n>           pytest.fail(f\"E27 link failed; check credentials and panel availability: {exc}\")\nE           Failed: E27 link failed; check credentials and panel availability: Protocol error.\n\ntest/conftest.py:70: Failed"}}
{"run_id": "8404975a6b904c07a2c1d1397046e674", "test_id": "test/test_live_e27_keepalive.py::test_live_system_r_u_alive", "record_type": "test_start", "t_ms": 0, "ts_utc": "2026-01-14T04:15:25Z", "meta": {"pid": 72234}}
{"run_id": "8404975a6b904c07a2c1d1397046e674", "test_id": "test/test_live_e27_keepalive.py::test_live_system_r_u_alive", "record_type": "test_end", "t_ms": 8436, "ts_utc": "2026-01-14T04:15:34Z", "outcome": "pass", "error": null}
{"run_id": "8404975a6b904c07a2c1d1397046e674", "test_id": "test/test_live_e27_keypads_download.py::test_live_keypads_download", "record_type": "test_start", "t_ms": 0, "ts_utc": "2026-01-14T04:15:39Z", "meta": {"pid": 72234}}
{"run_id": "8404975a6b904c07a2c1d1397046e674", "test_id": "test/test_live_e27_keypads_download.py::test_live_keypads_download", "record_type": "test_end", "t_ms": 7502, "ts_utc": "2026-01-14T04:15:46Z", "outcome": "skip", "error": {"when": "call", "longrepr": "('/Users/mitchmitchell/Documents/elkm1/test/test_live_e27_keypads_download.py', 31, 'Skipped: Keypad table not allocated on this panel.')"}}
{"run_id": "8404975a6b904c07a2c1d1397046e674", "test_id": "test/test_live_e27_link.py::test_live_link_only", "record_type": "test_start", "t_ms": 0, "ts_utc": "2026-01-14T04:15:51Z", "meta": {"pid": 72234}}
{"run_id": "8404975a6b904c07a2c1d1397046e674", "test_id": "test/test_live_e27_link.py::test_live_link_only", "record_type": "test_end", "t_ms": 180, "ts_utc": "2026-01-14T04:15:51Z", "outcome": "pass", "error": null}
{"run_id": "8404975a6b904c07a2c1d1397046e674", "test_id": "test/test_live_e27_output_names.py::test_live_output_names_from_attribs", "record_type": "test_start", "t_ms": 0, "ts_utc": "2026-01-14T04:15:51Z", "meta": {"pid": 72234}}
{"run_id": "8404975a6b904c07a2c1d1397046e674", "test_id": "test/test_live_e27_output_names.py::test_live_output_names_from_attribs", "record_type": "test_end", "t_ms": 7704, "ts_utc": "2026-01-14T04:15:59Z", "outcome": "pass", "error": null}
