{"run_id": "ab72d6a3e087400bb0f688e642a95d87", "test_id": "test/test_live_e27_arm_stay_then_disarm.py::test_live_arm_stay_then_disarm", "record_type": "test_start", "t_ms": 0, "ts_utc": "2026-01-02T00:09:26Z", "meta": {"pid": 14697}}
{"run_id": "ab72d6a3e087400bb0f688e642a95d87", "test_id": "test/test_live_e27_arm_stay_then_disarm.py::test_live_arm_stay_then_disarm", "record_type": "test_end", "t_ms": 299, "ts_utc": "2026-01-02T00:09:27Z", "outcome": "fail", "error": {"when": "call", "longrepr": "live_e27_client = <elke27_lib.client.Elke27Client object at 0x10841f230>\n\n    @pytest.mark.live_e27\n    @pytest.mark.asyncio\n    async def test_live_arm_stay_then_disarm(live_e27_client: Elke27Client) -> None:\n        area_id = _area_id()\n        pin = _get_pin()\n    \n        result = await live_e27_client.async_execute(\n            \"area.set_arm_state\",\n            area_id=area_id,\n            arm_state=\"DISARMED\",\n            pin=pin,\n        )\n        assert result.ok is True\n    \n        result = await live_e27_client.async_execute(\n            \"area.set_arm_state\",\n            area_id=area_id,\n            arm_state=\"ARMED_STAY\",\n            pin=pin,\n        )\n>       assert result.ok is True\nE       AssertionError: assert False is True\nE        +  where False = Result(ok=False, data=None, error=E27Error('area.set_arm_state failed with error_code=11015')).ok\n\ntest/test_live_e27_arm_stay_then_disarm.py:62: AssertionError"}}
