{"run_id": "caea58c42b67476683fe3e8d4cbc809e", "test_id": "test/test_live_e27_link.py::test_live_link_only", "record_type": "test_start", "t_ms": 0, "ts_utc": "2026-01-04T06:30:36Z", "meta": {"pid": 70617}}
{"run_id": "caea58c42b67476683fe3e8d4cbc809e", "test_id": "test/test_live_e27_link.py::test_live_link_only", "record_type": "test_end", "t_ms": 387, "ts_utc": "2026-01-04T06:30:37Z", "outcome": "fail", "error": {"when": "call", "longrepr": "@pytest.mark.live_e27\n    async def test_live_link_only() -> None:\n        if _get_env(\"ELKE27_LIVE\") != \"1\":\n            pytest.skip(\"ELKE27_LIVE not set; skipping live E27 tests.\")\n    \n        host = _get_env(\"ELKE27_HOST\")\n        access_code = _get_env(\"ELKE27_ACCESS_CODE\")\n        passphrase = _get_env(\"ELKE27_PASSPHRASE\")\n        if not host or not access_code or not passphrase:\n            pytest.skip(\"Missing E27 live env vars; source ~/elk-e27-env-vars.sh\")\n    \n        port = int(_get_env(\"ELKE27_PORT\") or \"2101\")\n        identity = E27Identity(\n            mn=_get_env(\"ELKE27_MN\") or \"CODEx\",\n            sn=_get_env(\"ELKE27_SN\") or \"LIVE\",\n            fwver=_get_env(\"ELKE27_FWVER\") or \"0\",\n            hwver=_get_env(\"ELKE27_HWVER\") or \"0\",\n            osver=_get_env(\"ELKE27_OSVER\") or \"0\",\n        )\n        creds = _LiveCredentials(access_code=access_code, passphrase=passphrase)\n    \n        client = Elke27Client()\n        try:\n            link_keys = await client.async_link(\n                host=host,\n                port=port,\n                access_code=creds.access_code,\n                passphrase=creds.passphrase,\n                client_identity=identity,\n            )\n        finally:\n            await client.async_disconnect()\n    \n>       assert isinstance(link_keys, E27LinkKeys)\nE       AssertionError: assert False\nE        +  where False = isinstance(LinkKeys(tempkey_hex='b2f05528860a7e07422056d4b38976ef', linkkey_hex='DAD043C578FBEE538C40D821ABA73F1D', linkhmac_hex='157A662B5AD1317E624CEFF319564800F58596FE'), E27LinkKeys)\n\ntest/test_live_e27_link.py:43: AssertionError"}}
